-------------------------------------------------------------------------------
Test set: CalculatorTest
-------------------------------------------------------------------------------
Tests run: 2, Failures: 1, Errors: 0, Skipped: 0, Time elapsed: 0.061 s <<< FAILURE! -- in CalculatorTest
CalculatorTest.failureFactorial -- Time elapsed: 0.033 s <<< FAILURE!
org.opentest4j.AssertionFailedError: expected: <120> but was: <1>
	at org.junit.jupiter.api.AssertionFailureBuilder.build(AssertionFailureBuilder.java:158)
	at org.junit.jupiter.api.AssertionFailureBuilder.buildAndThrow(AssertionFailureBuilder.java:139)
	at org.junit.jupiter.api.AssertEquals.failNotEqual(AssertEquals.java:201)
	at org.junit.jupiter.api.AssertEquals.assertEquals(AssertEquals.java:184)
	at org.junit.jupiter.api.AssertEquals.assertEquals(AssertEquals.java:179)
	at org.junit.jupiter.api.Assertions.assertEquals(Assertions.java:565)
	at CalculatorTest.failureFactorial(CalculatorTest.java:16)

